{
  "RSpec": {
    "coverage": {
      "/home/csvm/sustain-office/sustain/app/helpers/application_helper.rb": [
        0,
        0
      ],
      "/home/csvm/sustain-office/sustain/app/channels/application_cable/connection.rb": [
        0,
        0,
        0,
        0
      ],
      "/home/csvm/sustain-office/sustain/app/channels/application_cable/channel.rb": [
        0,
        0,
        0,
        0
      ],
      "/home/csvm/sustain-office/sustain/app/jobs/application_job.rb": [
        0,
        0
      ],
      "/home/csvm/sustain-office/sustain/app/mailers/application_mailer.rb": [
        0,
        0,
        0,
        0
      ],
      "/home/csvm/sustain-office/sustain/app/models/application_record.rb": [
        0,
        0,
        0
      ],
      "/home/csvm/sustain-office/sustain/app/controllers/application_controller.rb": [
        0,
        0,
        0
      ]
    },
    "timestamp": 1509588148
  },
  "Cucumber Features": {
    "coverage": {
      "/home/csvm/sustain-office/sustain/app/models/event.rb": [
        1,
        1,
        1,
        null
      ],
      "/home/csvm/sustain-office/sustain/app/models/application_record.rb": [
        1,
        1,
        null
      ],
      "/home/csvm/sustain-office/sustain/app/models/user.rb": [
        1,
        1,
        1,
        null
      ],
      "/home/csvm/sustain-office/sustain/app/controllers/events_controller.rb": [
        1,
        1,
        2,
        null,
        null,
        1,
        2,
        2,
        null,
        null,
        1,
        0,
        null,
        null,
        1,
        0,
        0,
        0,
        0,
        null,
        0,
        0,
        null,
        null,
        null,
        null,
        null,
        1,
        1,
        0,
        null,
        null,
        null
      ],
      "/home/csvm/sustain-office/sustain/app/controllers/application_controller.rb": [
        1,
        1,
        null
      ],
      "/home/csvm/sustain-office/sustain/app/helpers/application_helper.rb": [
        1,
        null
      ],
      "/home/csvm/sustain-office/sustain/app/helpers/events_helper.rb": [
        1,
        null
      ],
      "/home/csvm/sustain-office/sustain/app/channels/application_cable/connection.rb": [
        0,
        0,
        0,
        0
      ],
      "/home/csvm/sustain-office/sustain/app/channels/application_cable/channel.rb": [
        0,
        0,
        0,
        0
      ],
      "/home/csvm/sustain-office/sustain/app/jobs/application_job.rb": [
        0,
        0
      ],
      "/home/csvm/sustain-office/sustain/app/mailers/application_mailer.rb": [
        0,
        0,
        0,
        0
      ],
      "/home/csvm/sustain-office/sustain/app/models/participant.rb": [
        0,
        0,
        0,
        0
      ]
    },
    "timestamp": 1509853005
  }
}
